0 info it worked if it ends with ok
1 verbose cli [ 'c:\\Program Files\\nodejs\\node.exe',
1 verbose cli   'c:\\Program Files\\nodejs\\node_modules\\npm\\bin\\npm-cli.js',
1 verbose cli   'install',
1 verbose cli   'ruby' ]
2 info using npm@1.3.8
3 info using node@v0.10.18
4 warn package.json kudos@0.0.0 No description
5 warn package.json kudos@0.0.0 No repository field.
6 warn package.json kudos@0.0.0 No README data
7 warn package.json sass@0.5.0 No repository field.
8 verbose readDependencies using package.json deps
9 verbose cache add [ 'ruby', null ]
10 verbose cache add name=undefined spec="ruby" args=["ruby",null]
11 verbose parsed url { protocol: null,
11 verbose parsed url   slashes: null,
11 verbose parsed url   auth: null,
11 verbose parsed url   host: null,
11 verbose parsed url   port: null,
11 verbose parsed url   hostname: null,
11 verbose parsed url   hash: null,
11 verbose parsed url   search: null,
11 verbose parsed url   query: null,
11 verbose parsed url   pathname: 'ruby',
11 verbose parsed url   path: 'ruby',
11 verbose parsed url   href: 'ruby' }
12 silly lockFile 18e40e14-ruby ruby
13 verbose lock ruby C:\Users\jason_000\AppData\Roaming\npm-cache\18e40e14-ruby.lock
14 silly lockFile 18e40e14-ruby ruby
15 silly lockFile 18e40e14-ruby ruby
16 verbose addNamed [ 'ruby', '' ]
17 verbose addNamed [ null, '*' ]
18 silly lockFile f07098c3-ruby ruby@
19 verbose lock ruby@ C:\Users\jason_000\AppData\Roaming\npm-cache\f07098c3-ruby.lock
20 silly addNameRange { name: 'ruby', range: '*', hasData: false }
21 verbose url raw ruby
22 verbose url resolving [ 'https://registry.npmjs.org/', './ruby' ]
23 verbose url resolved https://registry.npmjs.org/ruby
24 info trying registry request attempt 1 at 13:59:24
25 http GET https://registry.npmjs.org/ruby
26 http 404 https://registry.npmjs.org/ruby
27 silly registry.get cb [ 404,
27 silly registry.get   { server: 'CouchDB/1.3.1 (Erlang OTP/R15B03)',
27 silly registry.get     date: 'Sun, 06 Oct 2013 17:59:22 GMT',
27 silly registry.get     'content-type': 'application/json',
27 silly registry.get     'content-length': '52',
27 silly registry.get     'cache-control': 'must-revalidate' } ]
28 silly lockFile f07098c3-ruby ruby@
29 silly lockFile f07098c3-ruby ruby@
30 error 404 'ruby' is not in the npm registry.
30 error 404 You should bug the author to publish it
30 error 404
30 error 404 Note that you can also install from a
30 error 404 tarball, folder, or http url, or git url.
31 error System Windows_NT 6.2.9200
32 error command "c:\\Program Files\\nodejs\\node.exe" "c:\\Program Files\\nodejs\\node_modules\\npm\\bin\\npm-cli.js" "install" "ruby"
33 error cwd c:\Users\jason_000\Documents\GitHub\KudosBoard\web
34 error node -v v0.10.18
35 error npm -v 1.3.8
36 error code E404
37 verbose exit [ 1, true ]
